<?xml version="1.0" encoding="UTF-8"?>
<!-- Generated by org.testng.reporters.JUnitReportReporter -->
<testsuite skipped="0" hostname="MAA2-5CG838578Y" name="my_Learning.Example" tests="1" failures="0" timestamp="02 Oct 2019 09:39:05 GMT" time="0.014" errors="0">
  <testcase name="ram" time="0.014" classname="my_Learning.Example"/>
</testsuite> <!-- my_Learning.Example -->
